build/app/intermediates/manifest_merge_blame_file/release/manifest-merger-blame-release-report.txt
1<?xml version="1.0" encoding="utf-8"?>
2<manifest xmlns:android="http://schemas.android.com/apk/res/android"
3    package="com.example.appwms"
4    android:versionCode="1"
5    android:versionName="1.0.0" >
6
7    <uses-sdk
8        android:minSdkVersion="21"
9        android:targetSdkVersion="33" />
10    <!--
11         Required to query activities that can process text, see:
12         https://developer.android.com/training/package-visibility and
13         https://developer.android.com/reference/android/content/Intent#ACTION_PROCESS_TEXT.
14
15         In particular, this is used by the Flutter engine in io.flutter.plugin.text.ProcessTextPlugin.
16    -->
17    <queries>
17-->src/main/AndroidManifest.xml:39:5-44:15
18        <intent>
18-->src/main/AndroidManifest.xml:40:9-43:18
19            <action android:name="android.intent.action.PROCESS_TEXT" />
19-->src/main/AndroidManifest.xml:41:13-72
19-->src/main/AndroidManifest.xml:41:21-70
20
21            <data android:mimeType="text/plain" />
21-->src/main/AndroidManifest.xml:42:13-50
21-->src/main/AndroidManifest.xml:42:19-48
22        </intent>
23    </queries>
24
25    <uses-permission android:name="android.permission.ACCESS_NETWORK_STATE" />
25-->[:connectivity_plus] AndroidManifest.xml:7:5-79
25-->[:connectivity_plus] AndroidManifest.xml:7:22-76
26    <uses-permission android:name="android.permission.CAMERA" />
26-->[:mobile_scanner] AndroidManifest.xml:7:5-65
26-->[:mobile_scanner] AndroidManifest.xml:7:22-62
27
28    <uses-feature
28-->[:mobile_scanner] AndroidManifest.xml:9:5-11:36
29        android:name="android.hardware.camera"
29-->[:mobile_scanner] AndroidManifest.xml:10:9-47
30        android:required="false" />
30-->[:mobile_scanner] AndroidManifest.xml:11:9-33
31
32    <permission
32-->[androidx.core:core:1.13.1] AndroidManifest.xml:22:5-24:47
33        android:name="com.example.appwms.DYNAMIC_RECEIVER_NOT_EXPORTED_PERMISSION"
33-->[androidx.core:core:1.13.1] AndroidManifest.xml:23:9-81
34        android:protectionLevel="signature" />
34-->[androidx.core:core:1.13.1] AndroidManifest.xml:24:9-44
35
36    <uses-permission android:name="com.example.appwms.DYNAMIC_RECEIVER_NOT_EXPORTED_PERMISSION" />
36-->[androidx.core:core:1.13.1] AndroidManifest.xml:26:5-97
36-->[androidx.core:core:1.13.1] AndroidManifest.xml:26:22-94
37    <uses-permission android:name="android.permission.INTERNET" />
37-->[com.google.android.datatransport:transport-backend-cct:2.3.3] AndroidManifest.xml:26:5-67
37-->[com.google.android.datatransport:transport-backend-cct:2.3.3] AndroidManifest.xml:26:22-64
38
39    <application
40        android:name="android.app.Application"
40-->src/main/AndroidManifest.xml:4:9-42
41        android:appComponentFactory="androidx.core.app.CoreComponentFactory"
41-->[androidx.core:core:1.13.1] AndroidManifest.xml:28:18-86
42        android:extractNativeLibs="true"
43        android:icon="@mipmap/ic_launcher"
43-->src/main/AndroidManifest.xml:5:9-43
44        android:label="appwms" >
44-->src/main/AndroidManifest.xml:3:9-31
45        <activity
45-->src/main/AndroidManifest.xml:6:9-27:20
46            android:name="com.example.appwms.MainActivity"
46-->src/main/AndroidManifest.xml:7:13-41
47            android:configChanges="orientation|keyboardHidden|keyboard|screenSize|smallestScreenSize|locale|layoutDirection|fontScale|screenLayout|density|uiMode"
47-->src/main/AndroidManifest.xml:12:13-163
48            android:exported="true"
48-->src/main/AndroidManifest.xml:8:13-36
49            android:hardwareAccelerated="true"
49-->src/main/AndroidManifest.xml:13:13-47
50            android:launchMode="singleTop"
50-->src/main/AndroidManifest.xml:9:13-43
51            android:taskAffinity=""
51-->src/main/AndroidManifest.xml:10:13-36
52            android:theme="@style/LaunchTheme"
52-->src/main/AndroidManifest.xml:11:13-47
53            android:windowSoftInputMode="adjustResize" >
53-->src/main/AndroidManifest.xml:14:13-55
54
55            <!--
56                 Specifies an Android theme to apply to this Activity as soon as
57                 the Android process has started. This theme is visible to the user
58                 while the Flutter UI initializes. After that, this theme continues
59                 to determine the Window background behind the Flutter UI.
60            -->
61            <meta-data
61-->src/main/AndroidManifest.xml:19:13-22:17
62                android:name="io.flutter.embedding.android.NormalTheme"
62-->src/main/AndroidManifest.xml:20:15-70
63                android:resource="@style/NormalTheme" />
63-->src/main/AndroidManifest.xml:21:15-52
64
65            <intent-filter>
65-->src/main/AndroidManifest.xml:23:13-26:29
66                <action android:name="android.intent.action.MAIN" />
66-->src/main/AndroidManifest.xml:24:17-68
66-->src/main/AndroidManifest.xml:24:25-66
67
68                <category android:name="android.intent.category.LAUNCHER" />
68-->src/main/AndroidManifest.xml:25:17-76
68-->src/main/AndroidManifest.xml:25:27-74
69            </intent-filter>
70        </activity>
71        <!--
72             Don't delete the meta-data below.
73             This is used by the Flutter tool to generate GeneratedPluginRegistrant.java
74        -->
75        <meta-data
75-->src/main/AndroidManifest.xml:30:9-32:33
76            android:name="flutterEmbedding"
76-->src/main/AndroidManifest.xml:31:13-44
77            android:value="2" />
77-->src/main/AndroidManifest.xml:32:13-30
78
79        <activity
79-->[:url_launcher_android] AndroidManifest.xml:8:9-11:74
80            android:name="io.flutter.plugins.urllauncher.WebViewActivity"
80-->[:url_launcher_android] AndroidManifest.xml:9:13-74
81            android:exported="false"
81-->[:url_launcher_android] AndroidManifest.xml:10:13-37
82            android:theme="@android:style/Theme.NoTitleBar.Fullscreen" />
82-->[:url_launcher_android] AndroidManifest.xml:11:13-71
83        <!--
84        Service for holding metadata. Cannot be instantiated.
85        Metadata will be merged from other manifests.
86        -->
87        <service
87-->[androidx.camera:camera-core:1.3.3] AndroidManifest.xml:29:9-33:78
88            android:name="androidx.camera.core.impl.MetadataHolderService"
88-->[androidx.camera:camera-core:1.3.3] AndroidManifest.xml:30:13-75
89            android:enabled="false"
89-->[androidx.camera:camera-core:1.3.3] AndroidManifest.xml:31:13-36
90            android:exported="false" >
90-->[androidx.camera:camera-core:1.3.3] AndroidManifest.xml:32:13-37
91            <meta-data
91-->[androidx.camera:camera-camera2:1.3.3] AndroidManifest.xml:30:13-32:89
92                android:name="androidx.camera.core.impl.MetadataHolderService.DEFAULT_CONFIG_PROVIDER"
92-->[androidx.camera:camera-camera2:1.3.3] AndroidManifest.xml:31:17-103
93                android:value="androidx.camera.camera2.Camera2Config$DefaultProvider" />
93-->[androidx.camera:camera-camera2:1.3.3] AndroidManifest.xml:32:17-86
94        </service>
95
96        <uses-library
96-->[androidx.window:window:1.2.0] AndroidManifest.xml:23:9-25:40
97            android:name="androidx.window.extensions"
97-->[androidx.window:window:1.2.0] AndroidManifest.xml:24:13-54
98            android:required="false" />
98-->[androidx.window:window:1.2.0] AndroidManifest.xml:25:13-37
99        <uses-library
99-->[androidx.window:window:1.2.0] AndroidManifest.xml:26:9-28:40
100            android:name="androidx.window.sidecar"
100-->[androidx.window:window:1.2.0] AndroidManifest.xml:27:13-51
101            android:required="false" />
101-->[androidx.window:window:1.2.0] AndroidManifest.xml:28:13-37
102
103        <service
103-->[com.google.android.gms:play-services-mlkit-barcode-scanning:18.3.0] AndroidManifest.xml:9:9-15:19
104            android:name="com.google.mlkit.common.internal.MlKitComponentDiscoveryService"
104-->[com.google.android.gms:play-services-mlkit-barcode-scanning:18.3.0] AndroidManifest.xml:10:13-91
105            android:directBootAware="true"
105-->[com.google.mlkit:common:18.9.0] AndroidManifest.xml:17:13-43
106            android:exported="false" >
106-->[com.google.android.gms:play-services-mlkit-barcode-scanning:18.3.0] AndroidManifest.xml:11:13-37
107            <meta-data
107-->[com.google.android.gms:play-services-mlkit-barcode-scanning:18.3.0] AndroidManifest.xml:12:13-14:85
108                android:name="com.google.firebase.components:com.google.mlkit.vision.barcode.internal.BarcodeRegistrar"
108-->[com.google.android.gms:play-services-mlkit-barcode-scanning:18.3.0] AndroidManifest.xml:13:17-120
109                android:value="com.google.firebase.components.ComponentRegistrar" />
109-->[com.google.android.gms:play-services-mlkit-barcode-scanning:18.3.0] AndroidManifest.xml:14:17-82
110            <meta-data
110-->[com.google.mlkit:vision-common:17.3.0] AndroidManifest.xml:12:13-14:85
111                android:name="com.google.firebase.components:com.google.mlkit.vision.common.internal.VisionCommonRegistrar"
111-->[com.google.mlkit:vision-common:17.3.0] AndroidManifest.xml:13:17-124
112                android:value="com.google.firebase.components.ComponentRegistrar" />
112-->[com.google.mlkit:vision-common:17.3.0] AndroidManifest.xml:14:17-82
113            <meta-data
113-->[com.google.mlkit:common:18.9.0] AndroidManifest.xml:20:13-22:85
114                android:name="com.google.firebase.components:com.google.mlkit.common.internal.CommonComponentRegistrar"
114-->[com.google.mlkit:common:18.9.0] AndroidManifest.xml:21:17-120
115                android:value="com.google.firebase.components.ComponentRegistrar" />
115-->[com.google.mlkit:common:18.9.0] AndroidManifest.xml:22:17-82
116        </service>
117
118        <provider
118-->[com.google.mlkit:common:18.9.0] AndroidManifest.xml:9:9-13:38
119            android:name="com.google.mlkit.common.internal.MlKitInitProvider"
119-->[com.google.mlkit:common:18.9.0] AndroidManifest.xml:10:13-78
120            android:authorities="com.example.appwms.mlkitinitprovider"
120-->[com.google.mlkit:common:18.9.0] AndroidManifest.xml:11:13-69
121            android:exported="false"
121-->[com.google.mlkit:common:18.9.0] AndroidManifest.xml:12:13-37
122            android:initOrder="99" />
122-->[com.google.mlkit:common:18.9.0] AndroidManifest.xml:13:13-35
123
124        <activity
124-->[com.google.android.gms:play-services-base:18.1.0] AndroidManifest.xml:20:9-22:45
125            android:name="com.google.android.gms.common.api.GoogleApiActivity"
125-->[com.google.android.gms:play-services-base:18.1.0] AndroidManifest.xml:20:19-85
126            android:exported="false"
126-->[com.google.android.gms:play-services-base:18.1.0] AndroidManifest.xml:22:19-43
127            android:theme="@android:style/Theme.Translucent.NoTitleBar" />
127-->[com.google.android.gms:play-services-base:18.1.0] AndroidManifest.xml:21:19-78
128
129        <meta-data
129-->[com.google.android.gms:play-services-basement:18.1.0] AndroidManifest.xml:21:9-23:69
130            android:name="com.google.android.gms.version"
130-->[com.google.android.gms:play-services-basement:18.1.0] AndroidManifest.xml:22:13-58
131            android:value="@integer/google_play_services_version" />
131-->[com.google.android.gms:play-services-basement:18.1.0] AndroidManifest.xml:23:13-66
132
133        <provider
133-->[androidx.lifecycle:lifecycle-process:2.7.0] AndroidManifest.xml:24:9-32:20
134            android:name="androidx.startup.InitializationProvider"
134-->[androidx.lifecycle:lifecycle-process:2.7.0] AndroidManifest.xml:25:13-67
135            android:authorities="com.example.appwms.androidx-startup"
135-->[androidx.lifecycle:lifecycle-process:2.7.0] AndroidManifest.xml:26:13-68
136            android:exported="false" >
136-->[androidx.lifecycle:lifecycle-process:2.7.0] AndroidManifest.xml:27:13-37
137            <meta-data
137-->[androidx.lifecycle:lifecycle-process:2.7.0] AndroidManifest.xml:29:13-31:52
138                android:name="androidx.lifecycle.ProcessLifecycleInitializer"
138-->[androidx.lifecycle:lifecycle-process:2.7.0] AndroidManifest.xml:30:17-78
139                android:value="androidx.startup" />
139-->[androidx.lifecycle:lifecycle-process:2.7.0] AndroidManifest.xml:31:17-49
140            <meta-data
140-->[androidx.profileinstaller:profileinstaller:1.3.1] AndroidManifest.xml:29:13-31:52
141                android:name="androidx.profileinstaller.ProfileInstallerInitializer"
141-->[androidx.profileinstaller:profileinstaller:1.3.1] AndroidManifest.xml:30:17-85
142                android:value="androidx.startup" />
142-->[androidx.profileinstaller:profileinstaller:1.3.1] AndroidManifest.xml:31:17-49
143        </provider>
144
145        <receiver
145-->[androidx.profileinstaller:profileinstaller:1.3.1] AndroidManifest.xml:34:9-52:20
146            android:name="androidx.profileinstaller.ProfileInstallReceiver"
146-->[androidx.profileinstaller:profileinstaller:1.3.1] AndroidManifest.xml:35:13-76
147            android:directBootAware="false"
147-->[androidx.profileinstaller:profileinstaller:1.3.1] AndroidManifest.xml:36:13-44
148            android:enabled="true"
148-->[androidx.profileinstaller:profileinstaller:1.3.1] AndroidManifest.xml:37:13-35
149            android:exported="true"
149-->[androidx.profileinstaller:profileinstaller:1.3.1] AndroidManifest.xml:38:13-36
150            android:permission="android.permission.DUMP" >
150-->[androidx.profileinstaller:profileinstaller:1.3.1] AndroidManifest.xml:39:13-57
151            <intent-filter>
151-->[androidx.profileinstaller:profileinstaller:1.3.1] AndroidManifest.xml:40:13-42:29
152                <action android:name="androidx.profileinstaller.action.INSTALL_PROFILE" />
152-->[androidx.profileinstaller:profileinstaller:1.3.1] AndroidManifest.xml:41:17-91
152-->[androidx.profileinstaller:profileinstaller:1.3.1] AndroidManifest.xml:41:25-88
153            </intent-filter>
154            <intent-filter>
154-->[androidx.profileinstaller:profileinstaller:1.3.1] AndroidManifest.xml:43:13-45:29
155                <action android:name="androidx.profileinstaller.action.SKIP_FILE" />
155-->[androidx.profileinstaller:profileinstaller:1.3.1] AndroidManifest.xml:44:17-85
155-->[androidx.profileinstaller:profileinstaller:1.3.1] AndroidManifest.xml:44:25-82
156            </intent-filter>
157            <intent-filter>
157-->[androidx.profileinstaller:profileinstaller:1.3.1] AndroidManifest.xml:46:13-48:29
158                <action android:name="androidx.profileinstaller.action.SAVE_PROFILE" />
158-->[androidx.profileinstaller:profileinstaller:1.3.1] AndroidManifest.xml:47:17-88
158-->[androidx.profileinstaller:profileinstaller:1.3.1] AndroidManifest.xml:47:25-85
159            </intent-filter>
160            <intent-filter>
160-->[androidx.profileinstaller:profileinstaller:1.3.1] AndroidManifest.xml:49:13-51:29
161                <action android:name="androidx.profileinstaller.action.BENCHMARK_OPERATION" />
161-->[androidx.profileinstaller:profileinstaller:1.3.1] AndroidManifest.xml:50:17-95
161-->[androidx.profileinstaller:profileinstaller:1.3.1] AndroidManifest.xml:50:25-92
162            </intent-filter>
163        </receiver>
164
165        <service
165-->[com.google.android.datatransport:transport-backend-cct:2.3.3] AndroidManifest.xml:29:9-35:19
166            android:name="com.google.android.datatransport.runtime.backends.TransportBackendDiscovery"
166-->[com.google.android.datatransport:transport-backend-cct:2.3.3] AndroidManifest.xml:30:13-103
167            android:exported="false" >
167-->[com.google.android.datatransport:transport-backend-cct:2.3.3] AndroidManifest.xml:31:13-37
168            <meta-data
168-->[com.google.android.datatransport:transport-backend-cct:2.3.3] AndroidManifest.xml:32:13-34:39
169                android:name="backend:com.google.android.datatransport.cct.CctBackendFactory"
169-->[com.google.android.datatransport:transport-backend-cct:2.3.3] AndroidManifest.xml:33:17-94
170                android:value="cct" />
170-->[com.google.android.datatransport:transport-backend-cct:2.3.3] AndroidManifest.xml:34:17-36
171        </service>
172        <service
172-->[com.google.android.datatransport:transport-runtime:2.2.6] AndroidManifest.xml:26:9-30:19
173            android:name="com.google.android.datatransport.runtime.scheduling.jobscheduling.JobInfoSchedulerService"
173-->[com.google.android.datatransport:transport-runtime:2.2.6] AndroidManifest.xml:27:13-117
174            android:exported="false"
174-->[com.google.android.datatransport:transport-runtime:2.2.6] AndroidManifest.xml:28:13-37
175            android:permission="android.permission.BIND_JOB_SERVICE" >
175-->[com.google.android.datatransport:transport-runtime:2.2.6] AndroidManifest.xml:29:13-69
176        </service>
177
178        <receiver
178-->[com.google.android.datatransport:transport-runtime:2.2.6] AndroidManifest.xml:32:9-34:40
179            android:name="com.google.android.datatransport.runtime.scheduling.jobscheduling.AlarmManagerSchedulerBroadcastReceiver"
179-->[com.google.android.datatransport:transport-runtime:2.2.6] AndroidManifest.xml:33:13-132
180            android:exported="false" />
180-->[com.google.android.datatransport:transport-runtime:2.2.6] AndroidManifest.xml:34:13-37
181    </application>
182
183</manifest>